2023-12-05 13:03:04 [scrapy] DEBUG: Crawled (200) <GET https://altex.ro/robots.txt> (referer: None)
2023-12-05 13:03:04 [scrapy] DEBUG: Crawled (200) <GET https://www.flanco.ro/robots.txt> (referer: None)
2023-12-05 13:03:04 [scrapy] DEBUG: Crawled (200) <GET https://www.evomag.ro/robots.txt> (referer: None)
2023-12-05 13:03:04 [scrapy] DEBUG: Crawled (200) <GET https://mediagalaxy.ro/robots.txt> (referer: None)
2023-12-05 13:03:04 [scrapy] DEBUG: Crawled (803) <GET https://www.evomag.ro/telefoane-tablete-accesorii-telefoane/samsung/> (referer: None)
2023-12-05 13:03:04 [scrapy] DEBUG: Crawled (200) <GET https://www.flanco.ro/telefoane-tablete/smartphone/filtre/brand/samsung.html> (referer: None)
2023-12-05 13:03:04 [scrapy] DEBUG: Crawled (200) <GET https://altex.ro/telefoane/cpl/filtru/in-stoc-5182/in-stoc/brand-3334/samsung/model-8071/galaxy-s22/> (referer: None)
2023-12-05 13:03:04 [scrapy] DEBUG: Crawled (200) <GET https://flip.ro/robots.txt> (referer: None)
2023-12-05 13:03:04 [scrapy] DEBUG: Crawled (200) <GET https://mediagalaxy.ro/telefoane/cpl/filtru/in-stoc-5182/in-stoc/brand-3334/samsung/model-8071/galaxy-s22/> (referer: None)
2023-12-05 13:03:04 [scrapy] INFO: Ignoring response <803 https://www.evomag.ro/telefoane-tablete-accesorii-telefoane/samsung/>: HTTP status code is not handled or not allowed
2023-12-05 13:03:04 [scrapy] DEBUG: Scraped from <200 https://www.flanco.ro/telefoane-tablete/smartphone/filtre/brand/samsung.html>
{'name': 'Telefon mobil Samsung Galaxy S22, 128GB, 8GB RAM, 5G, Dual SIM, Phantom Black', 'price': '4.099,', 'link': 'https://www.flanco.ro/telefon-mobil-samsung-galaxy-s22-128gb-8gb-ram-5g-dual-sim-phantom-black.html'}
2023-12-05 13:03:04 [scrapy] DEBUG: Forbidden by robots.txt: <GET https://www.flanco.ro/telefoane-tablete/smartphone/filtre/brand/samsung/p/2.html>
2023-12-05 13:03:04 [scrapy] DEBUG: Scraped from <200 https://altex.ro/telefoane/cpl/filtru/in-stoc-5182/in-stoc/brand-3334/samsung/model-8071/galaxy-s22/>
{'name': 'Telefon SAMSUNG Galaxy S22 5G, 256GB, 8GB, RAM, Dual SIM, Phantom Black', 'price': '3.099', 'link': 'https://altex.ro/telefon-samsung-galaxy-s22-5g-256gb-8gb-ram-dual-sim-phantom-black/cpd/SMTS222BK/'}
2023-12-05 13:03:04 [scrapy] ERROR: Spider error processing <GET https://mediagalaxy.ro/telefoane/cpl/filtru/in-stoc-5182/in-stoc/brand-3334/samsung/model-8071/galaxy-s22/> (referer: None)
Traceback (most recent call last):
  File "D:\Facultate\Anul 3\Semestrul 1\TW\BestPrice\backend\scraper\scraper\spiders\phonespider.py", line 123, in parse_mediagalaxy
    "price": products.css(".Price-int::text")[1].get(),
  File "C:\Users\szekr\AppData\Local\Programs\Python\Python310\lib\site-packages\parsel\selector.py", line 143, in __getitem__
    o = super().__getitem__(pos)
IndexError: list index out of range

During handling of the above exception, another exception occurred:

Traceback (most recent call last):
  File "C:\Users\szekr\AppData\Local\Programs\Python\Python310\lib\site-packages\scrapy\utils\defer.py", line 279, in iter_errback
    yield next(it)
  File "C:\Users\szekr\AppData\Local\Programs\Python\Python310\lib\site-packages\scrapy\utils\python.py", line 350, in __next__
    return next(self.data)
  File "C:\Users\szekr\AppData\Local\Programs\Python\Python310\lib\site-packages\scrapy\utils\python.py", line 350, in __next__
    return next(self.data)
  File "C:\Users\szekr\AppData\Local\Programs\Python\Python310\lib\site-packages\scrapy\core\spidermw.py", line 106, in process_sync
    for r in iterable:
  File "C:\Users\szekr\AppData\Local\Programs\Python\Python310\lib\site-packages\scrapy\spidermiddlewares\offsite.py", line 28, in <genexpr>
    return (r for r in result or () if self._filter(r, spider))
  File "C:\Users\szekr\AppData\Local\Programs\Python\Python310\lib\site-packages\scrapy\core\spidermw.py", line 106, in process_sync
    for r in iterable:
  File "C:\Users\szekr\AppData\Local\Programs\Python\Python310\lib\site-packages\scrapy\spidermiddlewares\referer.py", line 352, in <genexpr>
    return (self._set_referer(r, response) for r in result or ())
  File "C:\Users\szekr\AppData\Local\Programs\Python\Python310\lib\site-packages\scrapy\core\spidermw.py", line 106, in process_sync
    for r in iterable:
  File "C:\Users\szekr\AppData\Local\Programs\Python\Python310\lib\site-packages\scrapy\spidermiddlewares\urllength.py", line 27, in <genexpr>
    return (r for r in result or () if self._filter(r, spider))
  File "C:\Users\szekr\AppData\Local\Programs\Python\Python310\lib\site-packages\scrapy\core\spidermw.py", line 106, in process_sync
    for r in iterable:
  File "C:\Users\szekr\AppData\Local\Programs\Python\Python310\lib\site-packages\scrapy\spidermiddlewares\depth.py", line 31, in <genexpr>
    return (r for r in result or () if self._filter(r, response, spider))
  File "C:\Users\szekr\AppData\Local\Programs\Python\Python310\lib\site-packages\scrapy\core\spidermw.py", line 106, in process_sync
    for r in iterable:
  File "D:\Facultate\Anul 3\Semestrul 1\TW\BestPrice\backend\scraper\scraper\spiders\phonespider.py", line 130, in parse_mediagalaxy
    "link": "https://mediagalaxy.ro" + products.css("a.title::attr(href)").get()
TypeError: can only concatenate str (not "NoneType") to str
2023-12-05 13:03:05 [scrapy] DEBUG: Crawled (200) <GET https://flip.ro/magazin/samsung/?modelType=Telefoane> (referer: None)
2023-12-05 13:03:05 [scrapy] DEBUG: Scraped from <200 https://flip.ro/magazin/samsung/?modelType=Telefoane>
{'name': 'Samsung Galaxy S22 Plus 5G Dual Sim, 128 GB, Phantom Black ', 'price': '2.699', 'link': 'https://flip.ro/magazin/samsung/telefon-mobil-samsung-galaxy-s22-plus-5g-dual-sim-128gb-phantom-black/161079/?shape=Foarte%20bun'}
2023-12-05 13:03:05 [scrapy] DEBUG: Scraped from <200 https://flip.ro/magazin/samsung/?modelType=Telefoane>
{'name': 'Samsung Galaxy S22 Ultra 5G Dual Sim, 128 GB, Phantom Black ', 'price': '3.699', 'link': 'https://flip.ro/magazin/samsung/telefon-mobil-samsung-galaxy-s22-ultra-5g-dual-sim-128gb-phantom-black/161104/?shape=Ca%20nou'}
2023-12-05 13:03:05 [scrapy] DEBUG: Scraped from <200 https://flip.ro/magazin/samsung/?modelType=Telefoane>
{'name': 'Samsung Galaxy S22 Ultra 5G Dual Sim, 256 GB, Phantom Black ', 'price': '3.879', 'link': 'https://flip.ro/magazin/samsung/telefon-mobil-samsung-galaxy-s22-ultra-5g-dual-sim-256gb-phantom-black/161108/?shape=Ca%20nou'}
2023-12-05 13:03:05 [scrapy] DEBUG: Scraped from <200 https://flip.ro/magazin/samsung/?modelType=Telefoane>
{'name': 'Samsung Galaxy S22 5G Dual Sim, 128 GB, Phantom Black ', 'price': '2.199', 'link': 'https://flip.ro/magazin/samsung/telefon-mobil-samsung-galaxy-s22-5g-dual-sim-128gb-phantom-black/161063/?shape=Excelent'}
2023-12-05 13:03:05 [scrapy] DEBUG: Scraped from <200 https://flip.ro/magazin/samsung/?modelType=Telefoane>
{'name': 'Samsung Galaxy S22 5G Dual Sim, 128 GB, Bora Purple ', 'price': '2.249', 'link': 'https://flip.ro/magazin/samsung/telefon-mobil-samsung-galaxy-s22-5g-dual-sim-128gb-bora-purple/75262886/?shape=Ca%20nou'}
2023-12-05 13:03:05 [scrapy] DEBUG: Scraped from <200 https://flip.ro/magazin/samsung/?modelType=Telefoane>
{'name': 'Samsung Galaxy S22 5G Dual Sim, 128 GB, Pink Gold ', 'price': '2.249', 'link': 'https://flip.ro/magazin/samsung/telefon-mobil-samsung-galaxy-s22-5g-dual-sim-128gb-pink-gold/161065/?shape=Ca%20nou'}
2023-12-05 13:03:05 [scrapy] DEBUG: Scraped from <200 https://flip.ro/magazin/samsung/?modelType=Telefoane>
{'name': 'Samsung Galaxy S22 5G Dual Sim, 128 GB, Green ', 'price': '2.159', 'link': 'https://flip.ro/magazin/samsung/telefon-mobil-samsung-galaxy-s22-5g-dual-sim-128gb-green/161064/?shape=Foarte%20bun'}
2023-12-05 13:03:05 [scrapy] DEBUG: Scraped from <200 https://flip.ro/magazin/samsung/?modelType=Telefoane>
{'name': 'Samsung Galaxy S22 Plus 5G Dual Sim, 256 GB, Phantom White ', 'price': '2.949', 'link': 'https://flip.ro/magazin/samsung/telefon-mobil-samsung-galaxy-s22-plus-5g-dual-sim-256gb-phantom-white/161082/?shape=Excelent'}
2023-12-05 13:03:05 [scrapy] DEBUG: Scraped from <200 https://flip.ro/magazin/samsung/?modelType=Telefoane>
{'name': 'Samsung Galaxy S22 Plus 5G Dual Sim, 256 GB, Phantom Black ', 'price': '2.899', 'link': 'https://flip.ro/magazin/samsung/telefon-mobil-samsung-galaxy-s22-plus-5g-dual-sim-256gb-phantom-black/161083/?shape=Foarte%20bun'}
2023-12-05 13:03:05 [scrapy] DEBUG: Scraped from <200 https://flip.ro/magazin/samsung/?modelType=Telefoane>
{'name': 'Samsung Galaxy S22 Plus 5G Dual Sim, 256 GB, Pink Gold ', 'price': '2.999', 'link': 'https://flip.ro/magazin/samsung/telefon-mobil-samsung-galaxy-s22-plus-5g-dual-sim-256gb-pink-gold/161085/?shape=Ca%20nou'}
2023-12-05 13:03:05 [scrapy] DEBUG: Scraped from <200 https://flip.ro/magazin/samsung/?modelType=Telefoane>
{'name': 'Samsung Galaxy S22 Ultra 5G Dual Sim, 256 GB, Burgundy ', 'price': '3.879', 'link': 'https://flip.ro/magazin/samsung/telefon-mobil-samsung-galaxy-s22-ultra-5g-dual-sim-256gb-burgundy/161106/?shape=Ca%20nou'}
2023-12-05 13:03:05 [scrapy] DEBUG: Scraped from <200 https://flip.ro/magazin/samsung/?modelType=Telefoane>
{'name': 'Samsung Galaxy S22 Ultra 5G Dual Sim, 256 GB, Green ', 'price': '3.599', 'link': 'https://flip.ro/magazin/samsung/telefon-mobil-samsung-galaxy-s22-ultra-5g-dual-sim-256gb-green/161109/?shape=Foarte%20bun'}
2023-12-05 13:03:05 [scrapy] DEBUG: Scraped from <200 https://flip.ro/magazin/samsung/?modelType=Telefoane>
{'name': 'Samsung Galaxy S22 Ultra 5G Dual Sim, 512 GB, Burgundy ', 'price': '3.869', 'link': 'https://flip.ro/magazin/samsung/telefon-mobil-samsung-galaxy-s22-ultra-5g-dual-sim-512gb-burgundy/161110/?shape=Excelent'}
2023-12-05 13:03:05 [scrapy] INFO: Closing spider (finished)
2023-12-05 13:03:05 [scrapy] INFO: Dumping Scrapy stats:
{'downloader/exception_count': 1,
 'downloader/exception_type_count/scrapy.exceptions.IgnoreRequest': 1,
 'downloader/request_bytes': 2472,
 'downloader/request_count': 10,
 'downloader/request_method_count/GET': 10,
 'downloader/response_bytes': 394208,
 'downloader/response_count': 10,
 'downloader/response_status_count/200': 9,
 'downloader/response_status_count/803': 1,
 'elapsed_time_seconds': 1.264759,
 'finish_reason': 'finished',
 'finish_time': datetime.datetime(2023, 12, 5, 11, 3, 5, 461009, tzinfo=datetime.timezone.utc),
 'httpcompression/response_bytes': 2978850,
 'httpcompression/response_count': 8,
 'httperror/response_ignored_count': 1,
 'httperror/response_ignored_status_count/803': 1,
 'item_scraped_count': 15,
 'log_count/DEBUG': 26,
 'log_count/ERROR': 1,
 'log_count/INFO': 8,
 'request_depth_max': 1,
 'response_received_count': 10,
 'robotstxt/forbidden': 1,
 'robotstxt/request_count': 5,
 'robotstxt/response_count': 5,
 'robotstxt/response_status_count/200': 5,
 'scheduler/dequeued': 6,
 'scheduler/dequeued/memory': 6,
 'scheduler/enqueued': 6,
 'scheduler/enqueued/memory': 6,
 'spider_exceptions/TypeError': 1,
 'start_time': datetime.datetime(2023, 12, 5, 11, 3, 4, 196250, tzinfo=datetime.timezone.utc)}
2023-12-05 13:03:05 [scrapy] INFO: Spider closed (finished)
