2023-12-05 13:04:09 [scrapy] DEBUG: Crawled (200) <GET https://altex.ro/robots.txt> (referer: None)
2023-12-05 13:04:09 [scrapy] DEBUG: Crawled (200) <GET https://mediagalaxy.ro/robots.txt> (referer: None)
2023-12-05 13:04:09 [scrapy] DEBUG: Crawled (200) <GET https://www.flanco.ro/robots.txt> (referer: None)
2023-12-05 13:04:09 [scrapy] DEBUG: Crawled (200) <GET https://www.evomag.ro/robots.txt> (referer: None)
2023-12-05 13:04:09 [scrapy] DEBUG: Crawled (803) <GET https://www.evomag.ro/telefoane-tablete-accesorii-telefoane/apple/> (referer: None)
2023-12-05 13:04:09 [scrapy] DEBUG: Crawled (200) <GET https://altex.ro/telefoane/cpl/filtru/in-stoc-5182/in-stoc/brand-3334/apple/model-8071/iphone-14/> (referer: None)
2023-12-05 13:04:09 [scrapy] DEBUG: Crawled (200) <GET https://flip.ro/robots.txt> (referer: None)
2023-12-05 13:04:09 [scrapy] DEBUG: Crawled (200) <GET https://mediagalaxy.ro/telefoane/cpl/filtru/in-stoc-5182/in-stoc/brand-3334/apple/model-8071/iphone-14/> (referer: None)
2023-12-05 13:04:09 [scrapy] DEBUG: Crawled (200) <GET https://www.flanco.ro/telefoane-tablete/smartphone/filtre/brand/apple.html> (referer: None)
2023-12-05 13:04:09 [scrapy] INFO: Ignoring response <803 https://www.evomag.ro/telefoane-tablete-accesorii-telefoane/apple/>: HTTP status code is not handled or not allowed
2023-12-05 13:04:10 [scrapy] DEBUG: Scraped from <200 https://altex.ro/telefoane/cpl/filtru/in-stoc-5182/in-stoc/brand-3334/apple/model-8071/iphone-14/>
{'name': 'Telefon APPLE iPhone 14 5G, 128GB, Midnight', 'price': '3.899', 'link': 'https://altex.ro/telefon-apple-iphone-14-5g-128gb-midnight/cpd/SMTIP141MN/'}
2023-12-05 13:04:10 [scrapy] DEBUG: Scraped from <200 https://altex.ro/telefoane/cpl/filtru/in-stoc-5182/in-stoc/brand-3334/apple/model-8071/iphone-14/>
{'name': 'Telefon APPLE iPhone 14 5G, 128GB, Blue', 'price': '3.949', 'link': 'https://altex.ro/telefon-apple-iphone-14-5g-128gb-blue/cpd/SMTIP141BL/'}
2023-12-05 13:04:10 [scrapy] DEBUG: Scraped from <200 https://altex.ro/telefoane/cpl/filtru/in-stoc-5182/in-stoc/brand-3334/apple/model-8071/iphone-14/>
{'name': 'Telefon APPLE iPhone 14 5G, 128GB, Starlight', 'price': '3.920', 'link': 'https://altex.ro/telefon-apple-iphone-14-5g-128gb-starlight/cpd/SMTIP141ST/'}
2023-12-05 13:04:10 [scrapy] DEBUG: Scraped from <200 https://altex.ro/telefoane/cpl/filtru/in-stoc-5182/in-stoc/brand-3334/apple/model-8071/iphone-14/>
{'name': 'Telefon APPLE iPhone 14 5G, 128GB, Purple', 'price': '3.899', 'link': 'https://altex.ro/telefon-apple-iphone-14-5g-128gb-purple/cpd/SMTIP141PP/'}
2023-12-05 13:04:10 [scrapy] DEBUG: Scraped from <200 https://altex.ro/telefoane/cpl/filtru/in-stoc-5182/in-stoc/brand-3334/apple/model-8071/iphone-14/>
{'name': 'Telefon APPLE iPhone 14 5G, 256GB, Purple', 'price': '4.499', 'link': 'https://altex.ro/telefon-apple-iphone-14-5g-256gb-purple/cpd/SMTIP142PP/'}
2023-12-05 13:04:10 [scrapy] DEBUG: Scraped from <200 https://altex.ro/telefoane/cpl/filtru/in-stoc-5182/in-stoc/brand-3334/apple/model-8071/iphone-14/>
{'name': 'Telefon APPLE iPhone 14 5G, 128GB (PRODUCT) Red', 'price': '3.899', 'link': 'https://altex.ro/telefon-apple-iphone-14-5g-128gb-product-red/cpd/SMTIP141RD/'}
2023-12-05 13:04:10 [scrapy] DEBUG: Scraped from <200 https://altex.ro/telefoane/cpl/filtru/in-stoc-5182/in-stoc/brand-3334/apple/model-8071/iphone-14/>
{'name': 'Telefon APPLE iPhone 14 5G, 256GB, Blue', 'price': '4.499', 'link': 'https://altex.ro/telefon-apple-iphone-14-5g-256gb-blue/cpd/SMTIP142BL/'}
2023-12-05 13:04:10 [scrapy] DEBUG: Scraped from <200 https://altex.ro/telefoane/cpl/filtru/in-stoc-5182/in-stoc/brand-3334/apple/model-8071/iphone-14/>
{'name': 'Telefon APPLE iPhone 14 5G, 256GB, Midnight', 'price': '4.499', 'link': 'https://altex.ro/telefon-apple-iphone-14-5g-256gb-midnight/cpd/SMTIP142MN/'}
2023-12-05 13:04:10 [scrapy] DEBUG: Scraped from <200 https://altex.ro/telefoane/cpl/filtru/in-stoc-5182/in-stoc/brand-3334/apple/model-8071/iphone-14/>
{'name': 'Telefon APPLE iPhone 14 5G, 256GB, Yellow', 'price': '4.599', 'link': 'https://altex.ro/telefon-apple-iphone-14-5g-256gb-yellow/cpd/SMTIP142YL/'}
2023-12-05 13:04:10 [scrapy] DEBUG: Scraped from <200 https://altex.ro/telefoane/cpl/filtru/in-stoc-5182/in-stoc/brand-3334/apple/model-8071/iphone-14/>
{'name': 'Telefon APPLE iPhone 14 5G, 256GB, (PRODUCT) Red', 'price': '4.579', 'link': 'https://altex.ro/telefon-apple-iphone-14-5g-256gb-product-red/cpd/SMTIP142RD/'}
2023-12-05 13:04:10 [scrapy] DEBUG: Scraped from <200 https://altex.ro/telefoane/cpl/filtru/in-stoc-5182/in-stoc/brand-3334/apple/model-8071/iphone-14/>
{'name': 'Telefon APPLE iPhone 14 5G, 256GB, Starlight', 'price': '4.499', 'link': 'https://altex.ro/telefon-apple-iphone-14-5g-256gb-starlight/cpd/SMTIP142ST/'}
2023-12-05 13:04:10 [scrapy] DEBUG: Scraped from <200 https://altex.ro/telefoane/cpl/filtru/in-stoc-5182/in-stoc/brand-3334/apple/model-8071/iphone-14/>
{'name': 'Telefon APPLE iPhone 14 5G, 512GB, Midnight', 'price': '6.499', 'link': 'https://altex.ro/telefon-apple-iphone-14-5g-512gb-midnight/cpd/SMTIP145MN/'}
2023-12-05 13:04:10 [scrapy] DEBUG: Scraped from <200 https://altex.ro/telefoane/cpl/filtru/in-stoc-5182/in-stoc/brand-3334/apple/model-8071/iphone-14/>
{'name': 'Telefon APPLE iPhone 14 5G, 512GB, Purple', 'price': '6.365', 'link': 'https://altex.ro/telefon-apple-iphone-14-5g-512gb-purple/cpd/SMTIP145PP/'}
2023-12-05 13:04:10 [scrapy] DEBUG: Scraped from <200 https://altex.ro/telefoane/cpl/filtru/in-stoc-5182/in-stoc/brand-3334/apple/model-8071/iphone-14/>
{'name': 'Telefon APPLE iPhone 14 5G, 512GB (PRODUCT) Red', 'price': '6.138', 'link': 'https://altex.ro/telefon-apple-iphone-14-5g-512gb-product-red/cpd/SMTIP145RD/'}
2023-12-05 13:04:10 [scrapy] DEBUG: Scraped from <200 https://altex.ro/telefoane/cpl/filtru/in-stoc-5182/in-stoc/brand-3334/apple/model-8071/iphone-14/>
{'name': 'Telefon APPLE iPhone 14 5G, 512GB, Blue', 'price': '4.999', 'link': 'https://altex.ro/telefon-apple-iphone-14-5g-512gb-blue/cpd/SMTIP145BL/'}
2023-12-05 13:04:10 [scrapy] DEBUG: Scraped from <200 https://altex.ro/telefoane/cpl/filtru/in-stoc-5182/in-stoc/brand-3334/apple/model-8071/iphone-14/>
{'name': 'Telefon APPLE iPhone 14 5G, 128GB, Yellow', 'price': '3.899', 'link': 'https://altex.ro/telefon-apple-iphone-14-5g-128gb-yellow/cpd/SMTIP141YL/'}
2023-12-05 13:04:10 [scrapy] DEBUG: Scraped from <200 https://mediagalaxy.ro/telefoane/cpl/filtru/in-stoc-5182/in-stoc/brand-3334/apple/model-8071/iphone-14/>
{'name': 'Telefon APPLE iPhone 14 5G, 128GB, Purple', 'price': '3.899', 'link': 'https://mediagalaxy.ro/telefon-apple-iphone-14-5g-128gb-purple/cpd/SMTIP141PP/'}
2023-12-05 13:04:10 [scrapy] DEBUG: Scraped from <200 https://www.flanco.ro/telefoane-tablete/smartphone/filtre/brand/apple.html>
{'name': 'Telefon mobil Apple iPhone 14 5G, 128GB, Midnight', 'price': '4.899,', 'link': 'https://www.flanco.ro/telefon-mobil-apple-iphone-14-5g-128gb-midnight.html'}
2023-12-05 13:04:10 [scrapy] DEBUG: Scraped from <200 https://mediagalaxy.ro/telefoane/cpl/filtru/in-stoc-5182/in-stoc/brand-3334/apple/model-8071/iphone-14/>
{'name': 'Telefon APPLE iPhone 14 5G, 128GB, Midnight', 'price': '3.899', 'link': 'https://mediagalaxy.ro/telefon-apple-iphone-14-5g-128gb-midnight/cpd/SMTIP141MN/'}
2023-12-05 13:04:10 [scrapy] DEBUG: Scraped from <200 https://mediagalaxy.ro/telefoane/cpl/filtru/in-stoc-5182/in-stoc/brand-3334/apple/model-8071/iphone-14/>
{'name': 'Telefon APPLE iPhone 14 5G, 128GB, Blue', 'price': '3.949', 'link': 'https://mediagalaxy.ro/telefon-apple-iphone-14-5g-128gb-blue/cpd/SMTIP141BL/'}
2023-12-05 13:04:10 [scrapy] DEBUG: Scraped from <200 https://mediagalaxy.ro/telefoane/cpl/filtru/in-stoc-5182/in-stoc/brand-3334/apple/model-8071/iphone-14/>
{'name': 'Telefon APPLE iPhone 14 5G, 256GB, Starlight', 'price': '4.499', 'link': 'https://mediagalaxy.ro/telefon-apple-iphone-14-5g-256gb-starlight/cpd/SMTIP142ST/'}
2023-12-05 13:04:10 [scrapy] DEBUG: Scraped from <200 https://mediagalaxy.ro/telefoane/cpl/filtru/in-stoc-5182/in-stoc/brand-3334/apple/model-8071/iphone-14/>
{'name': 'Telefon APPLE iPhone 14 5G, 128GB, Starlight', 'price': '3.920', 'link': 'https://mediagalaxy.ro/telefon-apple-iphone-14-5g-128gb-starlight/cpd/SMTIP141ST/'}
2023-12-05 13:04:10 [scrapy] ERROR: Spider error processing <GET https://mediagalaxy.ro/telefoane/cpl/filtru/in-stoc-5182/in-stoc/brand-3334/apple/model-8071/iphone-14/> (referer: None)
Traceback (most recent call last):
  File "D:\Facultate\Anul 3\Semestrul 1\TW\BestPrice\backend\scraper\scraper\spiders\phonespider.py", line 123, in parse_mediagalaxy
    "price": products.css(".Price-int::text")[1].get(),
  File "C:\Users\szekr\AppData\Local\Programs\Python\Python310\lib\site-packages\parsel\selector.py", line 143, in __getitem__
    o = super().__getitem__(pos)
IndexError: list index out of range

During handling of the above exception, another exception occurred:

Traceback (most recent call last):
  File "C:\Users\szekr\AppData\Local\Programs\Python\Python310\lib\site-packages\scrapy\utils\defer.py", line 279, in iter_errback
    yield next(it)
  File "C:\Users\szekr\AppData\Local\Programs\Python\Python310\lib\site-packages\scrapy\utils\python.py", line 350, in __next__
    return next(self.data)
  File "C:\Users\szekr\AppData\Local\Programs\Python\Python310\lib\site-packages\scrapy\utils\python.py", line 350, in __next__
    return next(self.data)
  File "C:\Users\szekr\AppData\Local\Programs\Python\Python310\lib\site-packages\scrapy\core\spidermw.py", line 106, in process_sync
    for r in iterable:
  File "C:\Users\szekr\AppData\Local\Programs\Python\Python310\lib\site-packages\scrapy\spidermiddlewares\offsite.py", line 28, in <genexpr>
    return (r for r in result or () if self._filter(r, spider))
  File "C:\Users\szekr\AppData\Local\Programs\Python\Python310\lib\site-packages\scrapy\core\spidermw.py", line 106, in process_sync
    for r in iterable:
  File "C:\Users\szekr\AppData\Local\Programs\Python\Python310\lib\site-packages\scrapy\spidermiddlewares\referer.py", line 352, in <genexpr>
    return (self._set_referer(r, response) for r in result or ())
  File "C:\Users\szekr\AppData\Local\Programs\Python\Python310\lib\site-packages\scrapy\core\spidermw.py", line 106, in process_sync
    for r in iterable:
  File "C:\Users\szekr\AppData\Local\Programs\Python\Python310\lib\site-packages\scrapy\spidermiddlewares\urllength.py", line 27, in <genexpr>
    return (r for r in result or () if self._filter(r, spider))
  File "C:\Users\szekr\AppData\Local\Programs\Python\Python310\lib\site-packages\scrapy\core\spidermw.py", line 106, in process_sync
    for r in iterable:
  File "C:\Users\szekr\AppData\Local\Programs\Python\Python310\lib\site-packages\scrapy\spidermiddlewares\depth.py", line 31, in <genexpr>
    return (r for r in result or () if self._filter(r, response, spider))
  File "C:\Users\szekr\AppData\Local\Programs\Python\Python310\lib\site-packages\scrapy\core\spidermw.py", line 106, in process_sync
    for r in iterable:
  File "D:\Facultate\Anul 3\Semestrul 1\TW\BestPrice\backend\scraper\scraper\spiders\phonespider.py", line 130, in parse_mediagalaxy
    "link": "https://mediagalaxy.ro" + products.css("a.title::attr(href)").get()
TypeError: can only concatenate str (not "NoneType") to str
2023-12-05 13:04:10 [scrapy] DEBUG: Scraped from <200 https://www.flanco.ro/telefoane-tablete/smartphone/filtre/brand/apple.html>
{'name': 'Telefon mobil Apple iPhone 14 5G, 128GB, Starlight', 'price': '4.899,', 'link': 'https://www.flanco.ro/telefon-mobil-apple-iphone-14-5g-128gb-starlight.html'}
2023-12-05 13:04:10 [scrapy] DEBUG: Scraped from <200 https://www.flanco.ro/telefoane-tablete/smartphone/filtre/brand/apple.html>
{'name': 'Telefon mobil Apple iPhone 14 5G, 128GB, Blue', 'price': '4.899,', 'link': 'https://www.flanco.ro/telefon-mobil-apple-iphone-14-5g-128gb-blue.html'}
2023-12-05 13:04:10 [scrapy] DEBUG: Forbidden by robots.txt: <GET https://www.flanco.ro/telefoane-tablete/smartphone/filtre/brand/apple/p/2.html>
2023-12-05 13:04:10 [scrapy] DEBUG: Crawled (200) <GET https://flip.ro/magazin/apple/?modelType=Telefoane> (referer: None)
2023-12-05 13:04:10 [scrapy] DEBUG: Scraped from <200 https://flip.ro/magazin/apple/?modelType=Telefoane>
{'name': 'Apple iPhone 14, 256 GB, Midnight ', 'price': '3.799', 'link': 'https://flip.ro/magazin/apple/telefon-mobil-apple-iphone-14-256gb-midnight/23916104/?shape=Ca%20nou'}
2023-12-05 13:04:10 [scrapy] DEBUG: Scraped from <200 https://flip.ro/magazin/apple/?modelType=Telefoane>
{'name': 'Apple iPhone 14 Pro, 128 GB, Deep Purple ', 'price': '4.849', 'link': 'https://flip.ro/magazin/apple/telefon-mobil-apple-iphone-14-pro-128gb-deep-purple/14685853/?shape=Ca%20nou'}
2023-12-05 13:04:10 [scrapy] DEBUG: Scraped from <200 https://flip.ro/magazin/apple/?modelType=Telefoane>
{'name': 'Apple iPhone 14 Pro, 128 GB, Space Black ', 'price': '4.849', 'link': 'https://flip.ro/magazin/apple/telefon-mobil-apple-iphone-14-pro-128gb-space-black/14685850/?shape=Ca%20nou'}
2023-12-05 13:04:10 [scrapy] DEBUG: Scraped from <200 https://flip.ro/magazin/apple/?modelType=Telefoane>
{'name': 'Apple iPhone 14 Pro Max, 256 GB, Space Black ', 'price': '5.899', 'link': 'https://flip.ro/magazin/apple/telefon-mobil-apple-iphone-14-pro-max-256gb-space-black/14685870/?shape=Ca%20nou'}
2023-12-05 13:04:10 [scrapy] DEBUG: Scraped from <200 https://flip.ro/magazin/apple/?modelType=Telefoane>
{'name': 'Apple iPhone 14, 128 GB, Midnight ', 'price': '3.499', 'link': 'https://flip.ro/magazin/apple/telefon-mobil-apple-iphone-14-128gb-midnight/14685825/?shape=Ca%20nou'}
2023-12-05 13:04:10 [scrapy] DEBUG: Scraped from <200 https://flip.ro/magazin/apple/?modelType=Telefoane>
{'name': 'Apple iPhone 14 Pro, 256 GB, Space Black ', 'price': '5.319', 'link': 'https://flip.ro/magazin/apple/telefon-mobil-apple-iphone-14-pro-256gb-space-black/14685854/?shape=Ca%20nou'}
2023-12-05 13:04:10 [scrapy] DEBUG: Scraped from <200 https://flip.ro/magazin/apple/?modelType=Telefoane>
{'name': 'Apple iPhone 14 Pro Max, 128 GB, Deep Purple ', 'price': '5.199', 'link': 'https://flip.ro/magazin/apple/telefon-mobil-apple-iphone-14-pro-max-128gb-deep-purple/14685869/?shape=Excelent'}
2023-12-05 13:04:10 [scrapy] DEBUG: Scraped from <200 https://flip.ro/magazin/apple/?modelType=Telefoane>
{'name': 'Apple iPhone 14, 128 GB, Blue ', 'price': '3.499', 'link': 'https://flip.ro/magazin/apple/telefon-mobil-apple-iphone-14-128gb-blue/14685828/?shape=Ca%20nou'}
2023-12-05 13:04:10 [scrapy] INFO: Closing spider (finished)
2023-12-05 13:04:10 [scrapy] INFO: Dumping Scrapy stats:
{'downloader/exception_count': 1,
 'downloader/exception_type_count/scrapy.exceptions.IgnoreRequest': 1,
 'downloader/request_bytes': 2460,
 'downloader/request_count': 10,
 'downloader/request_method_count/GET': 10,
 'downloader/response_bytes': 402312,
 'downloader/response_count': 10,
 'downloader/response_status_count/200': 9,
 'downloader/response_status_count/803': 1,
 'elapsed_time_seconds': 1.445613,
 'finish_reason': 'finished',
 'finish_time': datetime.datetime(2023, 12, 5, 11, 4, 10, 978861, tzinfo=datetime.timezone.utc),
 'httpcompression/response_bytes': 3195897,
 'httpcompression/response_count': 8,
 'httperror/response_ignored_count': 1,
 'httperror/response_ignored_status_count/803': 1,
 'item_scraped_count': 32,
 'log_count/DEBUG': 43,
 'log_count/ERROR': 1,
 'log_count/INFO': 8,
 'request_depth_max': 1,
 'response_received_count': 10,
 'robotstxt/forbidden': 1,
 'robotstxt/request_count': 5,
 'robotstxt/response_count': 5,
 'robotstxt/response_status_count/200': 5,
 'scheduler/dequeued': 6,
 'scheduler/dequeued/memory': 6,
 'scheduler/enqueued': 6,
 'scheduler/enqueued/memory': 6,
 'spider_exceptions/TypeError': 1,
 'start_time': datetime.datetime(2023, 12, 5, 11, 4, 9, 533248, tzinfo=datetime.timezone.utc)}
2023-12-05 13:04:10 [scrapy] INFO: Spider closed (finished)
